This file contains any messages produced by compilers while
running configure, to aid debugging if configure makes a mistake.

It was created by libcharset configure 1.4, which was
generated by GNU Autoconf 2.69.  Invocation command line was

  $ ./configure --disable-option-checking --prefix=/usr/local --cache-file=/dev/null --srcdir=.

## --------- ##
## Platform. ##
## --------- ##

hostname = ubuntu-virtual-machine
uname -m = x86_64
uname -r = 4.15.0-112-generic
uname -s = Linux
uname -v = #113~16.04.1-Ubuntu SMP Fri Jul 10 04:37:08 UTC 2020

/usr/bin/uname -p = unknown
/bin/uname -X     = unknown

/bin/arch              = unknown
/usr/bin/arch -k       = unknown
/usr/convex/getsysinfo = unknown
/usr/bin/hostinfo      = unknown
/bin/machine           = unknown
/usr/bin/oslevel       = unknown
/bin/universe          = unknown

PATH: /home/ubuntu/anaconda3/bin
PATH: /home/ubuntu/.local/share/umake/bin
PATH: /home/ubuntu/bin
PATH: /home/ubuntu/.local/bin
PATH: /home/ubuntu/anaconda3/bin
PATH: /usr/local/sbin
PATH: /usr/local/bin
PATH: /usr/sbin
PATH: /usr/bin
PATH: /sbin
PATH: /bin
PATH: /usr/games
PATH: /usr/local/games
PATH: /snap/bin


## ----------- ##
## Core tests. ##
## ----------- ##

configure:2212: checking whether make sets $(MAKE)
configure:2234: result: yes
configure:2293: checking for gcc
configure:2309: found /usr/bin/gcc
configure:2320: result: gcc
configure:2549: checking for C compiler version
configure:2558: gcc --version >&5
gcc (Ubuntu 5.4.0-6ubuntu1~16.04.12) 5.4.0 20160609
Copyright (C) 2015 Free Software Foundation, Inc.
This is free software; see the source for copying conditions.  There is NO
warranty; not even for MERCHANTABILITY or FITNESS FOR A PARTICULAR PURPOSE.

configure:2569: $? = 0
configure:2558: gcc -v >&5
Using built-in specs.
COLLECT_GCC=gcc
COLLECT_LTO_WRAPPER=/usr/lib/gcc/x86_64-linux-gnu/5/lto-wrapper
Target: x86_64-linux-gnu
Configured with: ../src/configure -v --with-pkgversion='Ubuntu 5.4.0-6ubuntu1~16.04.12' --with-bugurl=file:///usr/share/doc/gcc-5/README.Bugs --enable-languages=c,ada,c++,java,go,d,fortran,objc,obj-c++ --prefix=/usr --program-suffix=-5 --enable-shared --enable-linker-build-id --libexecdir=/usr/lib --without-included-gettext --enable-threads=posix --libdir=/usr/lib --enable-nls --with-sysroot=/ --enable-clocale=gnu --enable-libstdcxx-debug --enable-libstdcxx-time=yes --with-default-libstdcxx-abi=new --enable-gnu-unique-object --disable-vtable-verify --enable-libmpx --enable-plugin --with-system-zlib --disable-browser-plugin --enable-java-awt=gtk --enable-gtk-cairo --with-java-home=/usr/lib/jvm/java-1.5.0-gcj-5-amd64/jre --enable-java-home --with-jvm-root-dir=/usr/lib/jvm/java-1.5.0-gcj-5-amd64 --with-jvm-jar-dir=/usr/lib/jvm-exports/java-1.5.0-gcj-5-amd64 --with-arch-directory=amd64 --with-ecj-jar=/usr/share/java/eclipse-ecj.jar --enable-objc-gc --enable-multiarch --disable-werror --with-arch-32=i686 --with-abi=m64 --with-multilib-list=m32,m64,mx32 --enable-multilib --with-tune=generic --enable-checking=release --build=x86_64-linux-gnu --host=x86_64-linux-gnu --target=x86_64-linux-gnu
Thread model: posix
gcc version 5.4.0 20160609 (Ubuntu 5.4.0-6ubuntu1~16.04.12) 
configure:2569: $? = 0
configure:2558: gcc -V >&5
gcc: error: unrecognized command line option '-V'
gcc: fatal error: no input files
compilation terminated.
configure:2569: $? = 1
configure:2558: gcc -qversion >&5
gcc: error: unrecognized command line option '-qversion'
gcc: fatal error: no input files
compilation terminated.
configure:2569: $? = 1
configure:2589: checking whether the C compiler works
configure:2611: gcc    conftest.c  >&5
configure:2615: $? = 0
configure:2663: result: yes
configure:2666: checking for C compiler default output file name
configure:2668: result: a.out
configure:2674: checking for suffix of executables
configure:2681: gcc -o conftest    conftest.c  >&5
configure:2685: $? = 0
configure:2707: result: 
configure:2729: checking whether we are cross compiling
configure:2737: gcc -o conftest    conftest.c  >&5
configure:2741: $? = 0
configure:2748: ./conftest
configure:2752: $? = 0
configure:2740: result: no
configure:2745: checking for suffix of object files
configure:2767: gcc -c   conftest.c >&5
configure:2771: $? = 0
configure:2792: result: o
configure:2796: checking whether we are using the GNU C compiler
configure:2815: gcc -c   conftest.c >&5
configure:2815: $? = 0
configure:2824: result: yes
configure:2833: checking whether gcc accepts -g
configure:2853: gcc -c -g  conftest.c >&5
configure:2853: $? = 0
configure:2894: result: yes
configure:2911: checking for gcc option to accept ISO C89
configure:2974: gcc  -c -g -O2  conftest.c >&5
configure:2974: $? = 0
configure:2987: result: none needed
configure:3012: checking how to run the C preprocessor
configure:3043: gcc -E  conftest.c
configure:3043: $? = 0
configure:3057: gcc -E  conftest.c
conftest.c:9:28: fatal error: ac_nonexistent.h: No such file or directory
compilation terminated.
configure:3057: $? = 1
configure: failed program was:
| /* confdefs.h */
| #define PACKAGE_NAME "libcharset"
| #define PACKAGE_TARNAME "libcharset"
| #define PACKAGE_VERSION "1.4"
| #define PACKAGE_STRING "libcharset 1.4"
| #define PACKAGE_BUGREPORT ""
| #define PACKAGE_URL ""
| /* end confdefs.h.  */
| #include <ac_nonexistent.h>
configure:3082: result: gcc -E
configure:3102: gcc -E  conftest.c
configure:3102: $? = 0
configure:3116: gcc -E  conftest.c
conftest.c:9:28: fatal error: ac_nonexistent.h: No such file or directory
compilation terminated.
configure:3116: $? = 1
configure: failed program was:
| /* confdefs.h */
| #define PACKAGE_NAME "libcharset"
| #define PACKAGE_TARNAME "libcharset"
| #define PACKAGE_VERSION "1.4"
| #define PACKAGE_STRING "libcharset 1.4"
| #define PACKAGE_BUGREPORT ""
| #define PACKAGE_URL ""
| /* end confdefs.h.  */
| #include <ac_nonexistent.h>
configure:3158: checking for a BSD-compatible install
configure:3226: result: /usr/bin/install -c
configure:3243: checking build system type
configure:3257: result: x86_64-pc-linux-gnu
configure:3277: checking host system type
configure:3290: result: x86_64-pc-linux-gnu
configure:3316: checking for grep that handles long lines and -e
configure:3374: result: /bin/grep
configure:3379: checking for egrep
configure:3441: result: /bin/grep -E
configure:3446: checking for ANSI C header files
configure:3466: gcc -c -g -O2  conftest.c >&5
configure:3466: $? = 0
configure:3539: gcc -o conftest -g -O2   conftest.c  >&5
configure:3539: $? = 0
configure:3539: ./conftest
configure:3539: $? = 0
configure:3550: result: yes
configure:3563: checking for sys/types.h
configure:3563: gcc -c -g -O2  conftest.c >&5
configure:3563: $? = 0
configure:3563: result: yes
configure:3563: checking for sys/stat.h
configure:3563: gcc -c -g -O2  conftest.c >&5
configure:3563: $? = 0
configure:3563: result: yes
configure:3563: checking for stdlib.h
configure:3563: gcc -c -g -O2  conftest.c >&5
configure:3563: $? = 0
configure:3563: result: yes
configure:3563: checking for string.h
configure:3563: gcc -c -g -O2  conftest.c >&5
configure:3563: $? = 0
configure:3563: result: yes
configure:3563: checking for memory.h
configure:3563: gcc -c -g -O2  conftest.c >&5
configure:3563: $? = 0
configure:3563: result: yes
configure:3563: checking for strings.h
configure:3563: gcc -c -g -O2  conftest.c >&5
configure:3563: $? = 0
configure:3563: result: yes
configure:3563: checking for inttypes.h
configure:3563: gcc -c -g -O2  conftest.c >&5
configure:3563: $? = 0
configure:3563: result: yes
configure:3563: checking for stdint.h
configure:3563: gcc -c -g -O2  conftest.c >&5
configure:3563: $? = 0
configure:3563: result: yes
configure:3563: checking for unistd.h
configure:3563: gcc -c -g -O2  conftest.c >&5
configure:3563: $? = 0
configure:3563: result: yes
configure:3576: checking minix/config.h usability
configure:3576: gcc -c -g -O2  conftest.c >&5
conftest.c:52:26: fatal error: minix/config.h: No such file or directory
compilation terminated.
configure:3576: $? = 1
configure: failed program was:
| /* confdefs.h */
| #define PACKAGE_NAME "libcharset"
| #define PACKAGE_TARNAME "libcharset"
| #define PACKAGE_VERSION "1.4"
| #define PACKAGE_STRING "libcharset 1.4"
| #define PACKAGE_BUGREPORT ""
| #define PACKAGE_URL ""
| #define STDC_HEADERS 1
| #define HAVE_SYS_TYPES_H 1
| #define HAVE_SYS_STAT_H 1
| #define HAVE_STDLIB_H 1
| #define HAVE_STRING_H 1
| #define HAVE_MEMORY_H 1
| #define HAVE_STRINGS_H 1
| #define HAVE_INTTYPES_H 1
| #define HAVE_STDINT_H 1
| #define HAVE_UNISTD_H 1
| /* end confdefs.h.  */
| #include <stdio.h>
| #ifdef HAVE_SYS_TYPES_H
| # include <sys/types.h>
| #endif
| #ifdef HAVE_SYS_STAT_H
| # include <sys/stat.h>
| #endif
| #ifdef STDC_HEADERS
| # include <stdlib.h>
| # include <stddef.h>
| #else
| # ifdef HAVE_STDLIB_H
| #  include <stdlib.h>
| # endif
| #endif
| #ifdef HAVE_STRING_H
| # if !defined STDC_HEADERS && defined HAVE_MEMORY_H
| #  include <memory.h>
| # endif
| # include <string.h>
| #endif
| #ifdef HAVE_STRINGS_H
| # include <strings.h>
| #endif
| #ifdef HAVE_INTTYPES_H
| # include <inttypes.h>
| #endif
| #ifdef HAVE_STDINT_H
| # include <stdint.h>
| #endif
| #ifdef HAVE_UNISTD_H
| # include <unistd.h>
| #endif
| #include <minix/config.h>
configure:3576: result: no
configure:3576: checking minix/config.h presence
configure:3576: gcc -E  conftest.c
conftest.c:19:26: fatal error: minix/config.h: No such file or directory
compilation terminated.
configure:3576: $? = 1
configure: failed program was:
| /* confdefs.h */
| #define PACKAGE_NAME "libcharset"
| #define PACKAGE_TARNAME "libcharset"
| #define PACKAGE_VERSION "1.4"
| #define PACKAGE_STRING "libcharset 1.4"
| #define PACKAGE_BUGREPORT ""
| #define PACKAGE_URL ""
| #define STDC_HEADERS 1
| #define HAVE_SYS_TYPES_H 1
| #define HAVE_SYS_STAT_H 1
| #define HAVE_STDLIB_H 1
| #define HAVE_STRING_H 1
| #define HAVE_MEMORY_H 1
| #define HAVE_STRINGS_H 1
| #define HAVE_INTTYPES_H 1
| #define HAVE_STDINT_H 1
| #define HAVE_UNISTD_H 1
| /* end confdefs.h.  */
| #include <minix/config.h>
configure:3576: result: no
configure:3576: checking for minix/config.h
configure:3576: result: no
configure:3597: checking whether it is safe to define __EXTENSIONS__
configure:3615: gcc -c -g -O2  conftest.c >&5
configure:3615: $? = 0
configure:3622: result: yes
configure:3688: checking how to print strings
configure:3715: result: printf
configure:3736: checking for a sed that does not truncate output
configure:3800: result: /bin/sed
configure:3818: checking for fgrep
configure:3880: result: /bin/grep -F
configure:3915: checking for ld used by gcc
configure:3982: result: /usr/bin/ld
configure:3989: checking if the linker (/usr/bin/ld) is GNU ld
configure:4004: result: yes
configure:4016: checking for BSD- or MS-compatible name lister (nm)
configure:4070: result: /usr/bin/nm -B
configure:4200: checking the name lister (/usr/bin/nm -B) interface
configure:4207: gcc -c -g -O2  conftest.c >&5
configure:4210: /usr/bin/nm -B "conftest.o"
configure:4213: output
0000000000000000 B some_variable
configure:4214: result: BSD nm
configure:4217: checking whether ln -s works
configure:4221: result: yes
configure:4229: checking the maximum length of command line arguments
configure:4360: result: 1572864
configure:4408: checking how to convert x86_64-pc-linux-gnu file names to x86_64-pc-linux-gnu format
configure:4448: result: func_convert_file_noop
configure:4455: checking how to convert x86_64-pc-linux-gnu file names to toolchain format
configure:4475: result: func_convert_file_noop
configure:4482: checking for /usr/bin/ld option to reload object files
configure:4489: result: -r
configure:4563: checking for objdump
configure:4579: found /usr/bin/objdump
configure:4590: result: objdump
configure:4619: checking how to recognize dependent libraries
configure:4819: result: pass_all
configure:4904: checking for dlltool
configure:4934: result: no
configure:4961: checking how to associate runtime and link libraries
configure:4988: result: printf %s\n
configure:5048: checking for ar
configure:5064: found /usr/bin/ar
configure:5075: result: ar
configure:5112: checking for archiver @FILE support
configure:5129: gcc -c -g -O2  conftest.c >&5
configure:5129: $? = 0
configure:5132: ar cru libconftest.a @conftest.lst >&5
ar: `u' modifier ignored since `D' is the default (see `U')
configure:5135: $? = 0
configure:5140: ar cru libconftest.a @conftest.lst >&5
ar: `u' modifier ignored since `D' is the default (see `U')
ar: conftest.o: No such file or directory
configure:5143: $? = 1
configure:5142: result: @
configure:5200: checking for strip
configure:5216: found /usr/bin/strip
configure:5227: result: strip
configure:5299: checking for ranlib
configure:5315: found /usr/bin/ranlib
configure:5326: result: ranlib
configure:5403: checking for gawk
configure:5433: result: no
configure:5403: checking for mawk
configure:5419: found /usr/bin/mawk
configure:5430: result: mawk
configure:5470: checking command to parse /usr/bin/nm -B output from gcc object
configure:5623: gcc -c -g -O2  conftest.c >&5
configure:5626: $? = 0
configure:5630: /usr/bin/nm -B conftest.o \| sed -n -e 's/^.*[ ]\([ABCDGIRSTW][ABCDGIRSTW]*\)[ ][ ]*\([_A-Za-z][_A-Za-z0-9]*\)$/\1 \2 \2/p' | sed '/ __gnu_lto/d' \> conftest.nm
configure:5633: $? = 0
configure:5699: gcc -o conftest -g -O2   conftest.c conftstm.o >&5
configure:5702: $? = 0
configure:5740: result: ok
configure:5787: checking for sysroot
configure:5817: result: no
configure:5824: checking for a working dd
configure:5862: result: /bin/dd
configure:5866: checking how to truncate binary pipes
configure:5881: result: /bin/dd bs=4096 count=1
configure:6017: gcc -c -g -O2  conftest.c >&5
configure:6020: $? = 0
configure:6210: checking for mt
configure:6226: found /bin/mt
configure:6237: result: mt
configure:6260: checking if mt is a manifest tool
configure:6266: mt '-?'
configure:6274: result: no
configure:6948: checking for dlfcn.h
configure:6948: gcc -c -g -O2  conftest.c >&5
configure:6948: $? = 0
configure:6948: result: yes
configure:7502: checking for objdir
configure:7517: result: .libs
configure:7781: checking if gcc supports -fno-rtti -fno-exceptions
configure:7799: gcc -c -g -O2  -fno-rtti -fno-exceptions conftest.c >&5
cc1: warning: command line option '-fno-rtti' is valid for C++/ObjC++ but not for C
configure:7803: $? = 0
configure:7816: result: no
configure:8174: checking for gcc option to produce PIC
configure:8181: result: -fPIC -DPIC
configure:8189: checking if gcc PIC flag -fPIC -DPIC works
configure:8207: gcc -c -g -O2  -fPIC -DPIC -DPIC conftest.c >&5
configure:8211: $? = 0
configure:8224: result: yes
configure:8253: checking if gcc static flag -static works
configure:8281: result: yes
configure:8296: checking if gcc supports -c -o file.o
configure:8317: gcc -c -g -O2  -o out/conftest2.o conftest.c >&5
configure:8321: $? = 0
configure:8343: result: yes
configure:8351: checking if gcc supports -c -o file.o
configure:8398: result: yes
configure:8431: checking whether the gcc linker (/usr/bin/ld -m elf_x86_64) supports shared libraries
configure:9690: result: yes
configure:9727: checking whether -lc should be explicitly linked in
configure:9735: gcc -c -g -O2  conftest.c >&5
configure:9738: $? = 0
configure:9753: gcc -shared  -fPIC -DPIC conftest.o  -v -Wl,-soname -Wl,conftest -o conftest 2\>\&1 \| /bin/grep  -lc  \>/dev/null 2\>\&1
configure:9756: $? = 0
configure:9770: result: no
configure:9930: checking dynamic linker characteristics
configure:10511: gcc -o conftest -g -O2   -Wl,-rpath -Wl,/foo conftest.c  >&5
configure:10511: $? = 0
configure:10748: result: GNU/Linux ld.so
configure:10870: checking how to hardcode library paths into programs
configure:10895: result: immediate
configure:11443: checking whether stripping libraries is possible
configure:11448: result: yes
configure:11483: checking if libtool supports shared libraries
configure:11485: result: yes
configure:11488: checking whether to build shared libraries
configure:11513: result: yes
configure:11516: checking whether to build static libraries
configure:11520: result: yes
configure:8372: checking for ld
configure:8500: result: /usr/bin/ld -m elf_x86_64
configure:8507: checking if the linker (/usr/bin/ld -m elf_x86_64) is GNU ld
configure:8522: result: yes
configure:8528: checking for shared library path variable
configure:8541: result: LD_LIBRARY_PATH
configure:8546: checking whether to activate relocatable installation
configure:8561: result: no
configure:8735: checking whether the -Werror option is usable
configure:8753: gcc -c -g -O2 -Werror  conftest.c >&5
configure:8753: $? = 0
configure:8762: result: yes
configure:8764: checking for simple visibility declarations
configure:8790: gcc -c -g -O2 -fvisibility=hidden -Werror  conftest.c >&5
configure:8790: $? = 0
configure:8799: result: yes
configure:8817: checking for nl_langinfo and CODESET
configure:8833: gcc -o conftest -g -O2   conftest.c  >&5
configure:8833: $? = 0
configure:8842: result: yes
configure:8856: checking for unistd.h
configure:8856: result: yes
configure:8875: checking for symlink
configure:8875: gcc -o conftest -g -O2   conftest.c  >&5
configure:8875: $? = 0
configure:8875: result: yes
configure:8891: checking for working fcntl.h
configure:8999: gcc -o conftest -g -O2   conftest.c  >&5
configure:8999: $? = 0
configure:8999: ./conftest
configure:8999: $? = 0
configure:9015: result: yes
configure:9039: checking whether we are using the GNU C Library >= 2.1 or uClibc
configure:9069: result: yes
configure:9077: checking for setlocale
configure:9077: gcc -o conftest -g -O2   conftest.c  >&5
configure:9077: $? = 0
configure:9077: result: yes
configure:9209: creating ./config.status

## ---------------------- ##
## Running config.status. ##
## ---------------------- ##

This file was extended by libcharset config.status 1.4, which was
generated by GNU Autoconf 2.69.  Invocation command line was

  CONFIG_FILES    = 
  CONFIG_HEADERS  = 
  CONFIG_LINKS    = 
  CONFIG_COMMANDS = 
  $ ./config.status 

on ubuntu-virtual-machine

config.status:1074: creating Makefile
config.status:1074: creating lib/Makefile
config.status:1074: creating include/localcharset.h
config.status:1074: creating include/localcharset.h.inst
config.status:1074: creating config.h
config.status:1263: executing libtool commands

## ---------------- ##
## Cache variables. ##
## ---------------- ##

ac_cv_build=x86_64-pc-linux-gnu
ac_cv_c_compiler_gnu=yes
ac_cv_env_CC_set=
ac_cv_env_CC_value=
ac_cv_env_CFLAGS_set=
ac_cv_env_CFLAGS_value=
ac_cv_env_CPPFLAGS_set=
ac_cv_env_CPPFLAGS_value=
ac_cv_env_CPP_set=
ac_cv_env_CPP_value=
ac_cv_env_LDFLAGS_set=
ac_cv_env_LDFLAGS_value=
ac_cv_env_LIBS_set=
ac_cv_env_LIBS_value=
ac_cv_env_LT_SYS_LIBRARY_PATH_set=
ac_cv_env_LT_SYS_LIBRARY_PATH_value=
ac_cv_env_build_alias_set=
ac_cv_env_build_alias_value=
ac_cv_env_host_alias_set=
ac_cv_env_host_alias_value=
ac_cv_env_target_alias_set=
ac_cv_env_target_alias_value=
ac_cv_func_setlocale=yes
ac_cv_func_symlink=yes
ac_cv_gnu_library_2_1=yes
ac_cv_header_dlfcn_h=yes
ac_cv_header_inttypes_h=yes
ac_cv_header_memory_h=yes
ac_cv_header_minix_config_h=no
ac_cv_header_stdc=yes
ac_cv_header_stdint_h=yes
ac_cv_header_stdlib_h=yes
ac_cv_header_string_h=yes
ac_cv_header_strings_h=yes
ac_cv_header_sys_stat_h=yes
ac_cv_header_sys_types_h=yes
ac_cv_header_unistd_h=yes
ac_cv_host=x86_64-pc-linux-gnu
ac_cv_objext=o
ac_cv_path_EGREP='/bin/grep -E'
ac_cv_path_FGREP='/bin/grep -F'
ac_cv_path_GREP=/bin/grep
ac_cv_path_SED=/bin/sed
ac_cv_path_install='/usr/bin/install -c'
ac_cv_path_lt_DD=/bin/dd
ac_cv_prog_AWK=mawk
ac_cv_prog_CPP='gcc -E'
ac_cv_prog_ac_ct_AR=ar
ac_cv_prog_ac_ct_CC=gcc
ac_cv_prog_ac_ct_MANIFEST_TOOL=mt
ac_cv_prog_ac_ct_OBJDUMP=objdump
ac_cv_prog_ac_ct_RANLIB=ranlib
ac_cv_prog_ac_ct_STRIP=strip
ac_cv_prog_cc_c89=
ac_cv_prog_cc_g=yes
ac_cv_prog_make_make_set=yes
ac_cv_safe_to_define___extensions__=yes
acl_cv_libpath=LD_LIBRARY_PATH
acl_cv_prog_gnu_ld=yes
acl_cv_shlibpath_var=LD_LIBRARY_PATH
am_cv_langinfo_codeset=yes
gl_cv_cc_vis_werror=yes
gl_cv_cc_visibility=yes
gl_cv_header_working_fcntl_h=yes
lt_cv_ar_at_file=@
lt_cv_archive_cmds_need_lc=no
lt_cv_deplibs_check_method=pass_all
lt_cv_file_magic_cmd='$MAGIC_CMD'
lt_cv_file_magic_test_file=
lt_cv_ld_reload_flag=-r
lt_cv_nm_interface='BSD nm'
lt_cv_objdir=.libs
lt_cv_path_LD=/usr/bin/ld
lt_cv_path_NM='/usr/bin/nm -B'
lt_cv_path_mainfest_tool=no
lt_cv_prog_compiler_c_o=yes
lt_cv_prog_compiler_pic='-fPIC -DPIC'
lt_cv_prog_compiler_pic_works=yes
lt_cv_prog_compiler_rtti_exceptions=no
lt_cv_prog_compiler_static_works=yes
lt_cv_prog_gnu_ld=yes
lt_cv_sharedlib_from_linklib_cmd='printf %s\n'
lt_cv_shlibpath_overrides_runpath=no
lt_cv_sys_global_symbol_pipe='sed -n -e '\''s/^.*[	 ]\([ABCDGIRSTW][ABCDGIRSTW]*\)[	 ][	 ]*\([_A-Za-z][_A-Za-z0-9]*\)$/\1 \2 \2/p'\'' | sed '\''/ __gnu_lto/d'\'''
lt_cv_sys_global_symbol_to_c_name_address='sed -n -e '\''s/^: \(.*\) .*$/  {"\1", (void *) 0},/p'\'' -e '\''s/^[ABCDGIRSTW][ABCDGIRSTW]* .* \(.*\)$/  {"\1", (void *) \&\1},/p'\'''
lt_cv_sys_global_symbol_to_c_name_address_lib_prefix='sed -n -e '\''s/^: \(.*\) .*$/  {"\1", (void *) 0},/p'\'' -e '\''s/^[ABCDGIRSTW][ABCDGIRSTW]* .* \(lib.*\)$/  {"\1", (void *) \&\1},/p'\'' -e '\''s/^[ABCDGIRSTW][ABCDGIRSTW]* .* \(.*\)$/  {"lib\1", (void *) \&\1},/p'\'''
lt_cv_sys_global_symbol_to_cdecl='sed -n -e '\''s/^T .* \(.*\)$/extern int \1();/p'\'' -e '\''s/^[ABCDGIRSTW][ABCDGIRSTW]* .* \(.*\)$/extern char \1;/p'\'''
lt_cv_sys_global_symbol_to_import=
lt_cv_sys_max_cmd_len=1572864
lt_cv_to_host_file_cmd=func_convert_file_noop
lt_cv_to_tool_file_cmd=func_convert_file_noop
lt_cv_truncate_bin='/bin/dd bs=4096 count=1'

## ----------------- ##
## Output variables. ##
## ----------------- ##

AR='ar'
AS='as'
AWK='mawk'
CC='gcc'
CFLAGS='-g -O2'
CFLAG_VISIBILITY='-fvisibility=hidden'
CPP='gcc -E'
CPPFLAGS=''
DEFS='-DHAVE_CONFIG_H'
DLLTOOL='false'
DSYMUTIL=''
DUMPBIN=''
ECHO_C=''
ECHO_N='-n'
ECHO_T=''
EGREP='/bin/grep -E'
EXEEXT=''
FGREP='/bin/grep -F'
GLIBC21='yes'
GREP='/bin/grep'
HAVE_VISIBILITY='1'
INSTALL_DATA='${INSTALL} -m 644'
INSTALL_PROGRAM='${INSTALL}'
INSTALL_PROGRAM_ENV=''
INSTALL_SCRIPT='${INSTALL}'
LD='/usr/bin/ld -m elf_x86_64'
LDFLAGS=''
LIBOBJS=''
LIBS=''
LIBTOOL='/bin/bash $(top_builddir)/libtool'
LIPO=''
LN_S='ln -s'
LTLIBOBJS=''
LT_SYS_LIBRARY_PATH=''
MANIFEST_TOOL=':'
NM='/usr/bin/nm -B'
NMEDIT=''
OBJDUMP='objdump'
OBJEXT='o'
OTOOL64=''
OTOOL=''
PACKAGE_BUGREPORT=''
PACKAGE_NAME='libcharset'
PACKAGE_STRING='libcharset 1.4'
PACKAGE_TARNAME='libcharset'
PACKAGE_URL=''
PACKAGE_VERSION='1.4'
PATH_SEPARATOR=':'
RANLIB='ranlib'
RELOCATABLE='no'
RELOCATABLE_BUILD_DIR='$(top_builddir)/'
RELOCATABLE_CONFIG_H_DIR='$(top_builddir)'
RELOCATABLE_LDFLAGS=''
RELOCATABLE_LIBRARY_PATH=''
RELOCATABLE_SRC_DIR='$(top_srcdir)/'
RELOCATABLE_STRIP=':'
RELOCATABLE_VIA_LD_FALSE=''
RELOCATABLE_VIA_LD_TRUE='#'
RELOCATABLE_VIA_WRAPPER_FALSE=''
RELOCATABLE_VIA_WRAPPER_TRUE='#'
SED='/bin/sed'
SET_MAKE=''
SHELL='/bin/bash'
STRIP='strip'
ac_ct_AR='ar'
ac_ct_CC='gcc'
ac_ct_DUMPBIN=''
bindir='${exec_prefix}/bin'
build='x86_64-pc-linux-gnu'
build_alias=''
build_cpu='x86_64'
build_os='linux-gnu'
build_vendor='pc'
datadir='${datarootdir}'
datarootdir='${prefix}/share'
docdir='${datarootdir}/doc/${PACKAGE_TARNAME}'
dvidir='${docdir}'
exec_prefix='${prefix}'
host='x86_64-pc-linux-gnu'
host_alias=''
host_cpu='x86_64'
host_os='linux-gnu'
host_vendor='pc'
htmldir='${docdir}'
includedir='${prefix}/include'
infodir='${datarootdir}/info'
libdir='${exec_prefix}/lib'
libexecdir='${exec_prefix}/libexec'
localedir='${datarootdir}/locale'
localstatedir='${prefix}/var'
mandir='${datarootdir}/man'
oldincludedir='/usr/include'
pdfdir='${docdir}'
prefix='/usr/local'
program_transform_name='s,x,x,'
psdir='${docdir}'
sbindir='${exec_prefix}/sbin'
sharedstatedir='${prefix}/com'
sysconfdir='${prefix}/etc'
target_alias=''

## ----------- ##
## confdefs.h. ##
## ----------- ##

/* confdefs.h */
#define PACKAGE_NAME "libcharset"
#define PACKAGE_TARNAME "libcharset"
#define PACKAGE_VERSION "1.4"
#define PACKAGE_STRING "libcharset 1.4"
#define PACKAGE_BUGREPORT ""
#define PACKAGE_URL ""
#define STDC_HEADERS 1
#define HAVE_SYS_TYPES_H 1
#define HAVE_SYS_STAT_H 1
#define HAVE_STDLIB_H 1
#define HAVE_STRING_H 1
#define HAVE_MEMORY_H 1
#define HAVE_STRINGS_H 1
#define HAVE_INTTYPES_H 1
#define HAVE_STDINT_H 1
#define HAVE_UNISTD_H 1
#define __EXTENSIONS__ 1
#define _ALL_SOURCE 1
#define _GNU_SOURCE 1
#define _POSIX_PTHREAD_SEMANTICS 1
#define _TANDEM_SOURCE 1
#define HAVE_DLFCN_H 1
#define LT_OBJDIR ".libs/"
#define INSTALLPREFIX "/usr/local"
#define HAVE_VISIBILITY 1
#define HAVE_LANGINFO_CODESET 1
#define HAVE_UNISTD_H 1
#define HAVE_SYMLINK 1
#define HAVE_WORKING_O_NOATIME 1
#define HAVE_WORKING_O_NOFOLLOW 1
#define HAVE_SETLOCALE 1

configure: exit 0
